<?xml version="1.0" encoding="UTF-8"?>
<coverage generated="1632493615929" clover="3.2.0">
  <project timestamp="1632493615929" name="All files">
    <metrics statements="5" coveredstatements="5" conditionals="2" coveredconditionals="1" methods="1" coveredmethods="1" elements="8" coveredelements="7" complexity="0" loc="5" ncloc="5" packages="1" files="1" classes="1"/>
    <file name="fizzbuzz.js" path="/Users/hamzamohamed/Desktop/prime/tier2/mersenne-unit-testing/fizzbuzz.js">
      <metrics statements="5" coveredstatements="5" conditionals="2" coveredconditionals="1" methods="1" coveredmethods="1"/>
      <line num="16" count="3" type="cond" truecount="1" falsecount="1"/>
      <line num="17" count="3" type="stmt"/>
      <line num="21" count="1" type="stmt"/>
      <line num="22" count="1" type="stmt"/>
      <line num="24" count="1" type="stmt"/>
    </file>
  </project>
</coverage>
